\BOOKMARK [0][-]{chapter.1}{Wstep}{}% 1
\BOOKMARK [1][-]{section.1.1}{Problematyka i zakres pracy}{chapter.1}% 2
\BOOKMARK [1][-]{section.1.2}{Cele pracy}{chapter.1}% 3
\BOOKMARK [1][-]{section.1.3}{Przeglad literatury w dziedzinie komputerowej analizy danych finansowych}{chapter.1}% 4
\BOOKMARK [0][-]{chapter.2}{Zarzadzanie budzetem oraz predykcja wydatk\363w przy uzyciu znanych metod analizy danych}{}% 5
\BOOKMARK [1][-]{section.2.1}{Wprowadzenie}{chapter.2}% 6
\BOOKMARK [1][-]{section.2.2}{Dostepne aplikacje do zarzadzania budzetem}{chapter.2}% 7
\BOOKMARK [1][-]{section.2.3}{Objasnienie pojec z dziedziny komputerowej analizy danych finansowych}{chapter.2}% 8
\BOOKMARK [1][-]{section.2.4}{Opis wybranych metod analizy danych}{chapter.2}% 9
\BOOKMARK [2][-]{subsection.2.4.1}{Wieloraka regresja liniowa}{section.2.4}% 10
\BOOKMARK [2][-]{subsection.2.4.2}{Metoda najmniejszych kwadrat\363w}{section.2.4}% 11
\BOOKMARK [1][-]{section.2.5}{Wykorzystanie metod analizy danych do predykcji wydatk\363w}{chapter.2}% 12
\BOOKMARK [0][-]{chapter.3}{Technologie uzyte w projekcie}{}% 13
\BOOKMARK [1][-]{section.3.1}{Jezyki programowania}{chapter.3}% 14
\BOOKMARK [1][-]{section.3.2}{Platformy programistyczne \(frameworki\)}{chapter.3}% 15
\BOOKMARK [1][-]{section.3.3}{Narzedzia}{chapter.3}% 16
\BOOKMARK [0][-]{chapter.4}{Dokumentacja techniczna aplikacji do zarzadzania budzetem i predykcji wydatk\363w}{}% 17
\BOOKMARK [1][-]{section.4.1}{Opis za\233ozen projektu aplikacji}{chapter.4}% 18
\BOOKMARK [1][-]{section.4.2}{Warstwa modelu danych}{chapter.4}% 19
\BOOKMARK [1][-]{section.4.3}{Warstwa logiki biznesowej}{chapter.4}% 20
\BOOKMARK [1][-]{section.4.4}{Warstwa interfejsu uzytkownika - aplikacja mobilna}{chapter.4}% 21
\BOOKMARK [0][-]{chapter.5}{Dokumentacja uzytkownika aplikacji do zarzadzania budzetem i predykcji wydatk\363w}{}% 22
\BOOKMARK [1][-]{section.5.1}{Modu\233 obs\233ugi kont uzytkownik\363w}{chapter.5}% 23
\BOOKMARK [1][-]{section.5.2}{Modu\233 rejestracji wydatk\363w i przychod\363w}{chapter.5}% 24
\BOOKMARK [1][-]{section.5.3}{Modu\233 predykcji wydatk\363w}{chapter.5}% 25
\BOOKMARK [0][-]{chapter.6}{Podsumowanie}{}% 26
\BOOKMARK [1][-]{section.6.1}{Wnioski}{chapter.6}% 27
\BOOKMARK [1][-]{section.6.2}{Perspektywy rozwoju}{chapter.6}% 28
\BOOKMARK [0][-]{chapter*.2}{Bibliografia}{}% 29
\BOOKMARK [0][-]{chapter*.3}{Spis rysunk\363w}{}% 30
\BOOKMARK [0][-]{chapter*.4}{Spis tabel}{}% 31
\BOOKMARK [0][-]{chapter*.5}{Spis listing\363w}{}% 32
